<?xml version="1.0" encoding="UTF-8"?>
<!-- Generated by org.testng.reporters.JUnitReportReporter -->
<testsuite hostname="User-PC" name="Day10.First_prg" tests="1" failures="0" timestamp="8 Nov 2015 10:48:42 GMT" time="0.010" errors="0">
  <testcase name="display" time="0.010" classname="Day10.First_prg"/>
</testsuite> <!-- Day10.First_prg -->
